<?xml version="1.0" encoding="UTF-8"?>
<!-- Generated by org.testng.reporters.JUnitReportReporter -->
<testsuite hostname="DESKTOP-17GLM00" failures="0" tests="1" name="tests.ProductDetailsPageTests" time="11.424" errors="0" timestamp="2023-10-18T19:18:28 EEST" skipped="0">
  <testcase classname="tests.ProductDetailsPageTests" name="verifyThatNavigatedToTheCorrectProductDetailsPage" time="11.424"/>
</testsuite> <!-- tests.ProductDetailsPageTests -->
