<?xml version="1.0" encoding="UTF-8"?>
<!-- Generated by org.testng.reporters.JUnitReportReporter -->
<testsuite hostname="DESKTOP-17GLM00" failures="0" tests="1" name="tests.SearchResultPageTests" time="7.139" errors="0" timestamp="2023-10-17T22:01:34 EEST" skipped="0">
  <testcase classname="tests.SearchResultPageTests" name="verifyThatSearchResultPageTitleIsCorrect" time="7.139"/>
</testsuite> <!-- tests.SearchResultPageTests -->
