<?xml version="1.0" encoding="UTF-8"?>
<!-- Generated by org.testng.reporters.JUnitReportReporter -->
<testsuite hostname="DESKTOP-17GLM00" failures="0" tests="1" name="tests.ProductDetailsPageTests" time="11.166" errors="0" timestamp="2023-10-17T22:01:34 EEST" skipped="0">
  <testcase classname="tests.ProductDetailsPageTests" name="verifyThatNavigatedToTheCorrectProductDetailsPage" time="11.166"/>
</testsuite> <!-- tests.ProductDetailsPageTests -->
