<?xml version="1.0" encoding="UTF-8"?>
<!-- Generated by org.testng.reporters.JUnitReportReporter -->
<testsuite hostname="DESKTOP-17GLM00" failures="0" tests="1" name="ProjectTests.AddToCartTest" time="6.744" errors="0" timestamp="2023-10-23T21:17:42 EEST" skipped="0">
  <testcase classname="ProjectTests.AddToCartTest" name="addToCartTest" time="6.744"/>
</testsuite> <!-- ProjectTests.AddToCartTest -->
